<?xml version="1.0" encoding="UTF-8"?>
<testng-results skipped="0" failed="0" ignored="0" total="1" passed="1">
  <reporter-output>
  </reporter-output>
  <suite name="Default suite" duration-ms="50064" started-at="2020-01-20T07:01:19Z" finished-at="2020-01-20T07:02:09Z">
    <groups>
    </groups>
    <test name="Default test" duration-ms="50064" started-at="2020-01-20T07:01:19Z" finished-at="2020-01-20T07:02:09Z">
      <class name="com.training.sanity.tests.CYTC_40">
        <test-method status="PASS" signature="setUpBeforeClass()[pri:0, instance:com.training.sanity.tests.CYTC_40@27efef64]" name="setUpBeforeClass" is-config="true" duration-ms="19" started-at="2020-01-20T07:01:19Z" finished-at="2020-01-20T07:01:19Z">
          <reporter-output>
          </reporter-output>
        </test-method> <!-- setUpBeforeClass -->
        <test-method status="PASS" signature="setUp()[pri:0, instance:com.training.sanity.tests.CYTC_40@27efef64]" name="setUp" is-config="true" duration-ms="11510" started-at="2020-01-20T07:01:19Z" finished-at="2020-01-20T07:01:31Z">
          <reporter-output>
          </reporter-output>
        </test-method> <!-- setUp -->
        <test-method status="PASS" signature="validLoginTest()[pri:0, instance:com.training.sanity.tests.CYTC_40@27efef64]" name="validLoginTest" duration-ms="34724" started-at="2020-01-20T07:01:31Z" finished-at="2020-01-20T07:02:05Z">
          <reporter-output>
          </reporter-output>
        </test-method> <!-- validLoginTest -->
        <test-method status="PASS" signature="tearDown()[pri:0, instance:com.training.sanity.tests.CYTC_40@27efef64]" name="tearDown" is-config="true" duration-ms="3785" started-at="2020-01-20T07:02:05Z" finished-at="2020-01-20T07:02:09Z">
          <reporter-output>
          </reporter-output>
        </test-method> <!-- tearDown -->
      </class> <!-- com.training.sanity.tests.CYTC_40 -->
    </test> <!-- Default test -->
  </suite> <!-- Default suite -->
</testng-results>
